::1 - - [01/May/2018:16:15:54 +0200] "GET / HTTP/1.1" 200 46
::1 - - [01/May/2018:16:15:54 +0200] "GET /favicon.ico HTTP/1.1" 404 209
::1 - - [01/May/2018:16:22:55 +0200] "GET / HTTP/1.1" 304 -
::1 - - [01/May/2018:16:22:55 +0200] "GET /favicon.ico HTTP/1.1" 404 209
::1 - - [01/May/2018:16:30:14 +0200] "GET / HTTP/1.1" 304 -
::1 - - [01/May/2018:16:31:36 +0200] "GET / HTTP/1.1" 304 -
::1 - - [01/May/2018:19:51:59 +0200] "GET / HTTP/1.1" 304 -
::1 - - [01/May/2018:19:56:05 +0200] "GET / HTTP/1.1" 304 -
::1 - - [01/May/2018:20:42:09 +0200] "GET / HTTP/1.1" 304 -
::1 - - [01/May/2018:20:43:30 +0200] "GET / HTTP/1.1" 304 -
::1 - - [01/May/2018:20:43:31 +0200] "GET / HTTP/1.1" 304 -
::1 - - [01/May/2018:20:43:32 +0200] "GET / HTTP/1.1" 304 -
::1 - - [01/May/2018:20:43:33 +0200] "GET / HTTP/1.1" 304 -
::1 - - [01/May/2018:20:43:33 +0200] "GET / HTTP/1.1" 304 -
::1 - - [01/May/2018:20:43:33 +0200] "GET / HTTP/1.1" 304 -
::1 - - [01/May/2018:20:43:33 +0200] "GET / HTTP/1.1" 304 -
::1 - - [01/May/2018:20:43:33 +0200] "GET / HTTP/1.1" 304 -
::1 - - [01/May/2018:20:43:34 +0200] "GET / HTTP/1.1" 304 -
::1 - - [01/May/2018:20:43:34 +0200] "GET / HTTP/1.1" 304 -
::1 - - [01/May/2018:20:44:33 +0200] "-" 408 -
::1 - - [01/May/2018:20:48:03 +0200] "GET / HTTP/1.1" 403 209
::1 - - [01/May/2018:20:48:48 +0200] "GET / HTTP/1.1" 200 207
::1 - - [01/May/2018:20:48:58 +0200] "GET /index.html HTTP/1.1" 200 46
::1 - - [01/May/2018:20:50:00 +0200] "-" 408 -
::1 - - [01/May/2018:20:50:04 +0200] "GET / HTTP/1.1" 403 209
::1 - - [01/May/2018:20:50:20 +0200] "GET / HTTP/1.1" 200 207
::1 - - [01/May/2018:20:51:21 +0200] "-" 408 -
::1 - - [01/May/2018:20:53:07 +0200] "GET / HTTP/1.1" 200 692
::1 - - [01/May/2018:20:53:07 +0200] "GET /icons/blank.gif HTTP/1.1" 403 224
::1 - - [01/May/2018:20:53:07 +0200] "GET /icons/text.gif HTTP/1.1" 403 223
::1 - - [01/May/2018:20:54:07 +0200] "-" 408 -
::1 - - [01/May/2018:20:57:29 +0200] "GET / HTTP/1.1" 200 692
::1 - - [01/May/2018:20:57:29 +0200] "GET /icons/blank.gif HTTP/1.1" 403 224
::1 - - [01/May/2018:20:57:29 +0200] "GET /icons/text.gif HTTP/1.1" 403 223
::1 - - [01/May/2018:20:58:30 +0200] "-" 408 -
::1 - - [01/May/2018:20:58:30 +0200] "-" 408 -
::1 - - [01/May/2018:20:58:30 +0200] "-" 408 -
::1 - - [01/May/2018:21:00:55 +0200] "GET / HTTP/1.1" 200 692
::1 - - [01/May/2018:21:00:55 +0200] "GET /icons/blank.gif HTTP/1.1" 403 224
::1 - - [01/May/2018:21:00:55 +0200] "GET /icons/text.gif HTTP/1.1" 403 223
::1 - - [01/May/2018:21:00:56 +0200] "GET / HTTP/1.1" 200 692
::1 - - [01/May/2018:21:00:56 +0200] "GET /icons/blank.gif HTTP/1.1" 403 224
::1 - - [01/May/2018:21:00:56 +0200] "GET /icons/text.gif HTTP/1.1" 403 223
::1 - - [01/May/2018:21:00:57 +0200] "GET / HTTP/1.1" 200 692
::1 - - [01/May/2018:21:00:57 +0200] "GET /icons/blank.gif HTTP/1.1" 403 224
::1 - - [01/May/2018:21:00:57 +0200] "GET /icons/text.gif HTTP/1.1" 403 223
::1 - - [01/May/2018:21:00:57 +0200] "GET / HTTP/1.1" 200 692
::1 - - [01/May/2018:21:00:57 +0200] "GET /icons/blank.gif HTTP/1.1" 403 224
::1 - - [01/May/2018:21:00:57 +0200] "GET /icons/text.gif HTTP/1.1" 403 223
::1 - - [01/May/2018:21:01:14 +0200] "GET / HTTP/1.1" 200 2026
::1 - - [01/May/2018:21:01:14 +0200] "GET /icons/blank.gif HTTP/1.1" 403 224
::1 - - [01/May/2018:21:01:14 +0200] "GET /icons/unknown.gif HTTP/1.1" 403 226
::1 - - [01/May/2018:21:01:24 +0200] "GET /utm_openstat_referer.php HTTP/1.1" 200 2769
::1 - - [01/May/2018:21:01:28 +0200] "GET /landing_reg_form_message.php HTTP/1.1" 200 6590
::1 - - [01/May/2018:21:01:31 +0200] "GET /reg_web-v5a.php HTTP/1.1" 200 6217
::1 - - [01/May/2018:21:01:34 +0200] "GET /reg_web.php HTTP/1.1" 200 3045
::1 - - [01/May/2018:21:01:55 +0200] "GET / HTTP/1.1" 200 481
::1 - - [01/May/2018:21:01:55 +0200] "GET /icons/blank.gif HTTP/1.1" 403 224
::1 - - [01/May/2018:21:02:16 +0200] "GET / HTTP/1.1" 200 2237
::1 - - [01/May/2018:21:02:16 +0200] "GET /icons/blank.gif HTTP/1.1" 403 224
::1 - - [01/May/2018:21:02:16 +0200] "GET /icons/text.gif HTTP/1.1" 403 223
::1 - - [01/May/2018:21:02:16 +0200] "GET /icons/unknown.gif HTTP/1.1" 403 226
::1 - - [01/May/2018:21:02:54 +0200] "GET / HTTP/1.1" 200 2237
::1 - - [01/May/2018:21:02:54 +0200] "GET /icons/blank.gif HTTP/1.1" 403 224
::1 - - [01/May/2018:21:02:54 +0200] "GET /icons/text.gif HTTP/1.1" 403 223
::1 - - [01/May/2018:21:02:54 +0200] "GET /icons/unknown.gif HTTP/1.1" 403 226
::1 - - [01/May/2018:21:02:54 +0200] "GET / HTTP/1.1" 200 2237
::1 - - [01/May/2018:21:02:54 +0200] "GET /icons/blank.gif HTTP/1.1" 403 224
::1 - - [01/May/2018:21:02:54 +0200] "GET /icons/text.gif HTTP/1.1" 403 223
::1 - - [01/May/2018:21:02:54 +0200] "GET /icons/unknown.gif HTTP/1.1" 403 226
::1 - - [01/May/2018:21:02:55 +0200] "GET / HTTP/1.1" 200 2237
::1 - - [01/May/2018:21:02:55 +0200] "GET /icons/blank.gif HTTP/1.1" 403 224
::1 - - [01/May/2018:21:02:55 +0200] "GET /icons/text.gif HTTP/1.1" 403 223
::1 - - [01/May/2018:21:02:55 +0200] "GET /icons/unknown.gif HTTP/1.1" 403 226
::1 - - [01/May/2018:21:02:56 +0200] "GET / HTTP/1.1" 200 2237
::1 - - [01/May/2018:21:02:56 +0200] "GET /icons/blank.gif HTTP/1.1" 403 224
::1 - - [01/May/2018:21:02:56 +0200] "GET /icons/text.gif HTTP/1.1" 403 223
::1 - - [01/May/2018:21:02:56 +0200] "GET /icons/unknown.gif HTTP/1.1" 403 226
::1 - - [01/May/2018:21:02:57 +0200] "GET / HTTP/1.1" 200 2237
::1 - - [01/May/2018:21:02:57 +0200] "GET /icons/blank.gif HTTP/1.1" 403 224
::1 - - [01/May/2018:21:02:57 +0200] "GET /icons/text.gif HTTP/1.1" 403 223
::1 - - [01/May/2018:21:02:57 +0200] "GET /icons/unknown.gif HTTP/1.1" 403 226
::1 - - [01/May/2018:21:02:59 +0200] "GET / HTTP/1.1" 200 2237
::1 - - [01/May/2018:21:02:59 +0200] "GET /icons/blank.gif HTTP/1.1" 403 224
::1 - - [01/May/2018:21:02:59 +0200] "GET /icons/text.gif HTTP/1.1" 403 223
::1 - - [01/May/2018:21:02:59 +0200] "GET /icons/unknown.gif HTTP/1.1" 403 226
::1 - - [01/May/2018:21:03:54 +0200] "-" 408 -
::1 - - [01/May/2018:21:03:54 +0200] "-" 408 -
::1 - - [01/May/2018:21:14:31 +0200] "-" 408 -
::1 - - [01/May/2018:21:14:31 +0200] "-" 408 -
::1 - - [01/May/2018:21:14:31 +0200] "-" 408 -
::1 - - [01/May/2018:21:14:31 +0200] "-" 408 -
::1 - - [01/May/2018:21:15:26 +0200] "GET / HTTP/1.1" 500 530
::1 - - [01/May/2018:21:15:32 +0200] "GET / HTTP/1.1" 500 530
::1 - - [01/May/2018:21:15:35 +0200] "GET / HTTP/1.1" 500 530
::1 - - [01/May/2018:21:15:45 +0200] "GET / HTTP/1.1" 500 530
::1 - - [01/May/2018:21:15:46 +0200] "GET / HTTP/1.1" 500 530
::1 - - [01/May/2018:21:15:47 +0200] "GET / HTTP/1.1" 500 530
::1 - - [01/May/2018:21:15:47 +0200] "GET / HTTP/1.1" 500 530
::1 - - [01/May/2018:21:15:47 +0200] "GET / HTTP/1.1" 500 530
::1 - - [01/May/2018:21:15:51 +0200] "GET / HTTP/1.1" 500 530
::1 - - [01/May/2018:21:16:08 +0200] "GET / HTTP/1.1" 200 2237
::1 - - [01/May/2018:21:16:08 +0200] "GET /icons/blank.gif HTTP/1.1" 403 224
::1 - - [01/May/2018:21:16:08 +0200] "GET /icons/text.gif HTTP/1.1" 403 223
::1 - - [01/May/2018:21:16:08 +0200] "GET /icons/unknown.gif HTTP/1.1" 403 226
::1 - - [01/May/2018:21:16:27 +0200] "GET / HTTP/1.1" 200 2237
::1 - - [01/May/2018:21:16:27 +0200] "GET /icons/blank.gif HTTP/1.1" 403 224
::1 - - [01/May/2018:21:16:27 +0200] "GET /icons/unknown.gif HTTP/1.1" 403 226
::1 - - [01/May/2018:21:16:27 +0200] "GET /icons/text.gif HTTP/1.1" 403 223
::1 - - [01/May/2018:21:16:28 +0200] "GET / HTTP/1.1" 200 2237
::1 - - [01/May/2018:21:16:28 +0200] "GET /icons/text.gif HTTP/1.1" 403 223
::1 - - [01/May/2018:21:16:28 +0200] "GET /icons/blank.gif HTTP/1.1" 403 224
::1 - - [01/May/2018:21:16:28 +0200] "GET /icons/unknown.gif HTTP/1.1" 403 226
::1 - - [01/May/2018:21:16:29 +0200] "GET / HTTP/1.1" 200 2237
::1 - - [01/May/2018:21:16:29 +0200] "GET /icons/blank.gif HTTP/1.1" 403 224
::1 - - [01/May/2018:21:16:29 +0200] "GET /icons/text.gif HTTP/1.1" 403 223
::1 - - [01/May/2018:21:16:29 +0200] "GET /icons/unknown.gif HTTP/1.1" 403 226
::1 - - [01/May/2018:21:16:30 +0200] "GET / HTTP/1.1" 200 2237
::1 - - [01/May/2018:21:16:30 +0200] "GET /icons/blank.gif HTTP/1.1" 403 224
::1 - - [01/May/2018:21:16:30 +0200] "GET /icons/text.gif HTTP/1.1" 403 223
::1 - - [01/May/2018:21:16:30 +0200] "GET /icons/unknown.gif HTTP/1.1" 403 226
::1 - - [01/May/2018:21:16:31 +0200] "GET / HTTP/1.1" 200 2237
::1 - - [01/May/2018:21:16:31 +0200] "GET /icons/blank.gif HTTP/1.1" 403 224
::1 - - [01/May/2018:21:16:31 +0200] "GET /icons/text.gif HTTP/1.1" 403 223
::1 - - [01/May/2018:21:16:31 +0200] "GET /icons/unknown.gif HTTP/1.1" 403 226
::1 - - [01/May/2018:21:16:32 +0200] "GET / HTTP/1.1" 200 2237
::1 - - [01/May/2018:21:16:32 +0200] "GET /icons/blank.gif HTTP/1.1" 403 224
::1 - - [01/May/2018:21:16:32 +0200] "GET /icons/text.gif HTTP/1.1" 403 223
::1 - - [01/May/2018:21:16:32 +0200] "GET /icons/unknown.gif HTTP/1.1" 403 226
::1 - - [01/May/2018:21:16:51 +0200] "GET / HTTP/1.1" 200 2237
::1 - - [01/May/2018:21:16:51 +0200] "GET /icons/blank.gif HTTP/1.1" 403 224
::1 - - [01/May/2018:21:16:51 +0200] "GET /icons/text.gif HTTP/1.1" 403 223
::1 - - [01/May/2018:21:16:51 +0200] "GET /icons/unknown.gif HTTP/1.1" 403 226
::1 - - [01/May/2018:21:16:52 +0200] "GET / HTTP/1.1" 200 2237
::1 - - [01/May/2018:21:16:52 +0200] "GET /icons/blank.gif HTTP/1.1" 403 224
::1 - - [01/May/2018:21:16:52 +0200] "GET /icons/unknown.gif HTTP/1.1" 403 226
::1 - - [01/May/2018:21:16:52 +0200] "GET /icons/text.gif HTTP/1.1" 403 223
::1 - - [01/May/2018:21:16:53 +0200] "GET / HTTP/1.1" 200 2237
::1 - - [01/May/2018:21:16:53 +0200] "GET /icons/blank.gif HTTP/1.1" 403 224
::1 - - [01/May/2018:21:16:53 +0200] "GET /icons/text.gif HTTP/1.1" 403 223
::1 - - [01/May/2018:21:16:53 +0200] "GET /icons/unknown.gif HTTP/1.1" 403 226
::1 - - [01/May/2018:21:17:09 +0200] "GET / HTTP/1.1" 500 530
::1 - - [01/May/2018:21:17:29 +0200] "GET / HTTP/1.1" 200 2237
::1 - - [01/May/2018:21:17:29 +0200] "GET /icons/blank.gif HTTP/1.1" 403 224
::1 - - [01/May/2018:21:17:29 +0200] "GET /icons/text.gif HTTP/1.1" 403 223
::1 - - [01/May/2018:21:17:29 +0200] "GET /icons/unknown.gif HTTP/1.1" 403 226
::1 - - [01/May/2018:21:17:34 +0200] "GET /reg_web-v5a.php HTTP/1.1" 302 216
::1 - - [01/May/2018:21:17:34 +0200] "GET /reg_web-v5b.php HTTP/1.1" 200 11409
::1 - - [01/May/2018:21:17:42 +0200] "GET /reg_web-v5a.php HTTP/1.1" 302 216
::1 - - [01/May/2018:21:17:45 +0200] "GET /reg_web-v5a.php HTTP/1.1" 302 216
::1 - - [01/May/2018:21:17:48 +0200] "GET /reg_web-v5a.php HTTP/1.1" 302 216
::1 - - [01/May/2018:21:18:30 +0200] "GET / HTTP/1.1" 200 2237
::1 - - [01/May/2018:21:18:30 +0200] "GET /icons/blank.gif HTTP/1.1" 403 224
::1 - - [01/May/2018:21:18:30 +0200] "GET /icons/text.gif HTTP/1.1" 403 223
::1 - - [01/May/2018:21:18:30 +0200] "GET /icons/unknown.gif HTTP/1.1" 403 226
::1 - - [01/May/2018:21:18:41 +0200] "GET / HTTP/1.1" 200 2237
::1 - - [01/May/2018:21:18:42 +0200] "GET /icons/blank.gif HTTP/1.1" 403 224
::1 - - [01/May/2018:21:18:42 +0200] "GET /icons/text.gif HTTP/1.1" 403 223
::1 - - [01/May/2018:21:18:42 +0200] "GET /icons/unknown.gif HTTP/1.1" 403 226
::1 - - [01/May/2018:21:18:42 +0200] "GET / HTTP/1.1" 200 2237
::1 - - [01/May/2018:21:18:42 +0200] "GET /icons/blank.gif HTTP/1.1" 403 224
::1 - - [01/May/2018:21:18:42 +0200] "GET /icons/text.gif HTTP/1.1" 403 223
::1 - - [01/May/2018:21:18:42 +0200] "GET /icons/unknown.gif HTTP/1.1" 403 226
::1 - - [01/May/2018:21:18:54 +0200] "GET /reg_web-v5a.php HTTP/1.1" 302 216
::1 - - [01/May/2018:21:20:56 +0200] "GET /reg_web-v5a.php HTTP/1.1" 301 240
::1 - - [01/May/2018:21:21:16 +0200] "GET / HTTP/1.1" 200 2237
::1 - - [01/May/2018:21:21:16 +0200] "GET /icons/blank.gif HTTP/1.1" 403 224
::1 - - [01/May/2018:21:21:16 +0200] "GET /icons/text.gif HTTP/1.1" 403 223
::1 - - [01/May/2018:21:21:16 +0200] "GET /icons/unknown.gif HTTP/1.1" 403 226
::1 - - [01/May/2018:21:21:36 +0200] "GET /reg_web-v5b.php HTTP/1.1" 200 11409
::1 - - [01/May/2018:21:22:38 +0200] "-" 408 -
::1 - - [01/May/2018:21:22:39 +0200] "-" 408 -
::1 - - [01/May/2018:21:22:39 +0200] "-" 408 -
::1 - - [01/May/2018:21:22:48 +0200] "-" 408 -
::1 - - [07/May/2018:13:36:24 +0200] "GET / HTTP/1.1" 200 2237
::1 - - [07/May/2018:13:36:24 +0200] "GET /icons/blank.gif HTTP/1.1" 403 224
::1 - - [07/May/2018:13:36:24 +0200] "GET /icons/text.gif HTTP/1.1" 403 223
::1 - - [07/May/2018:13:36:24 +0200] "GET /icons/unknown.gif HTTP/1.1" 403 226
::1 - - [07/May/2018:13:36:24 +0200] "GET /favicon.ico HTTP/1.1" 404 209
::1 - - [08/May/2018:16:44:04 +0200] "GET / HTTP/1.1" 200 2237
::1 - - [08/May/2018:16:44:04 +0200] "GET /icons/text.gif HTTP/1.1" 403 223
::1 - - [08/May/2018:16:44:04 +0200] "GET /icons/unknown.gif HTTP/1.1" 403 226
::1 - - [08/May/2018:16:44:04 +0200] "GET /icons/blank.gif HTTP/1.1" 403 224
